app/build/outputs/logs/manifest-merger-debug-report.txt
-- Merging decision tree log ---
manifest
ADDED from src\main\AndroidManifest.xml:2:1-338:12
INJECTED from src\main\AndroidManifest.xml:2:1-338:12
INJECTED from src\main\AndroidManifest.xml:2:1-338:12
INJECTED from src\main\AndroidManifest.xml:2:1-338:12
MERGED from [com.android.support:design:26.1.0] AndroidManifest.xml:17:1-31:12
MERGED from [com.android.support:appcompat-v7:26.1.0] AndroidManifest.xml:17:1-31:12
MERGED from [com.android.support:transition:26.1.0] AndroidManifest.xml:17:1-28:12
MERGED from [com.android.support:support-v4:26.1.0] AndroidManifest.xml:17:1-31:12
MERGED from [com.android.support.constraint:constraint-layout:1.0.2] AndroidManifest.xml:2:1-11:12
MERGED from [com.android.support:cardview-v7:26.1.0] AndroidManifest.xml:17:1-28:12
MERGED from [pl.droidsonroids.gif:android-gif-drawable:1.2.19] AndroidManifest.xml:2:1-9:12
MERGED from [me.biubiubiu.justifytext:library:1.1] AndroidManifest.xml:2:1-11:12
MERGED from [com.android.support:animated-vector-drawable:26.1.0] AndroidManifest.xml:17:1-28:12
MERGED from [com.android.support:support-vector-drawable:26.1.0] AndroidManifest.xml:17:1-28:12
MERGED from [com.android.support:support-media-compat:26.1.0] AndroidManifest.xml:17:1-31:12
MERGED from [com.android.support:support-fragment:26.1.0] AndroidManifest.xml:17:1-31:12
MERGED from [com.android.support:support-core-utils:26.1.0] AndroidManifest.xml:17:1-31:12
MERGED from [com.android.support:recyclerview-v7:26.1.0] AndroidManifest.xml:17:1-28:12
MERGED from [com.android.support:support-core-ui:26.1.0] AndroidManifest.xml:17:1-31:12
MERGED from [com.android.support:support-compat:26.1.0] AndroidManifest.xml:17:1-31:12
MERGED from [pl.droidsonroids:relinker:1.3.1] AndroidManifest.xml:2:1-7:12
MERGED from [android.arch.lifecycle:runtime:1.0.0] AndroidManifest.xml:17:1-30:12
INJECTED from src\main\AndroidManifest.xml:2:1-338:12
INJECTED from src\main\AndroidManifest.xml:2:1-338:12
INJECTED from src\main\AndroidManifest.xml:2:1-338:12
	package
		ADDED from src\main\AndroidManifest.xml:4:5-36
		INJECTED from src\main\AndroidManifest.xml
		INJECTED from src\main\AndroidManifest.xml
	android:versionName
		ADDED from src\main\AndroidManifest.xml:6:5-30
		INJECTED from src\main\AndroidManifest.xml
		INJECTED from src\main\AndroidManifest.xml
	xmlns:tools
		ADDED from src\main\AndroidManifest.xml:3:5-51
	xmlns:android
		ADDED from src\main\AndroidManifest.xml:2:11-69
	android:versionCode
		ADDED from src\main\AndroidManifest.xml:5:5-28
		INJECTED from src\main\AndroidManifest.xml
		INJECTED from src\main\AndroidManifest.xml
uses-sdk
ADDED from src\main\AndroidManifest.xml:8:5-10:41
INJECTED from src\main\AndroidManifest.xml:8:5-10:41
INJECTED from src\main\AndroidManifest.xml:8:5-10:41
MERGED from [com.android.support:design:26.1.0] AndroidManifest.xml:21:5-23:62
MERGED from [com.android.support:design:26.1.0] AndroidManifest.xml:21:5-23:62
MERGED from [com.android.support:appcompat-v7:26.1.0] AndroidManifest.xml:21:5-23:78
MERGED from [com.android.support:appcompat-v7:26.1.0] AndroidManifest.xml:21:5-23:78
MERGED from [com.android.support:transition:26.1.0] AndroidManifest.xml:20:5-44
MERGED from [com.android.support:transition:26.1.0] AndroidManifest.xml:20:5-44
MERGED from [com.android.support:support-v4:26.1.0] AndroidManifest.xml:21:5-23:54
MERGED from [com.android.support:support-v4:26.1.0] AndroidManifest.xml:21:5-23:54
MERGED from [com.android.support.constraint:constraint-layout:1.0.2] AndroidManifest.xml:5:5-7:41
MERGED from [com.android.support.constraint:constraint-layout:1.0.2] AndroidManifest.xml:5:5-7:41
MERGED from [com.android.support:cardview-v7:26.1.0] AndroidManifest.xml:20:5-44
MERGED from [com.android.support:cardview-v7:26.1.0] AndroidManifest.xml:20:5-44
MERGED from [pl.droidsonroids.gif:android-gif-drawable:1.2.19] AndroidManifest.xml:5:5-7:41
MERGED from [pl.droidsonroids.gif:android-gif-drawable:1.2.19] AndroidManifest.xml:5:5-7:41
MERGED from [me.biubiubiu.justifytext:library:1.1] AndroidManifest.xml:7:5-9:41
MERGED from [me.biubiubiu.justifytext:library:1.1] AndroidManifest.xml:7:5-9:41
MERGED from [com.android.support:animated-vector-drawable:26.1.0] AndroidManifest.xml:20:5-44
MERGED from [com.android.support:animated-vector-drawable:26.1.0] AndroidManifest.xml:20:5-44
MERGED from [com.android.support:support-vector-drawable:26.1.0] AndroidManifest.xml:20:5-44
MERGED from [com.android.support:support-vector-drawable:26.1.0] AndroidManifest.xml:20:5-44
MERGED from [com.android.support:support-media-compat:26.1.0] AndroidManifest.xml:21:5-23:63
MERGED from [com.android.support:support-media-compat:26.1.0] AndroidManifest.xml:21:5-23:63
MERGED from [com.android.support:support-fragment:26.1.0] AndroidManifest.xml:21:5-23:60
MERGED from [com.android.support:support-fragment:26.1.0] AndroidManifest.xml:21:5-23:60
MERGED from [com.android.support:support-core-utils:26.1.0] AndroidManifest.xml:21:5-23:61
MERGED from [com.android.support:support-core-utils:26.1.0] AndroidManifest.xml:21:5-23:61
MERGED from [com.android.support:recyclerview-v7:26.1.0] AndroidManifest.xml:20:5-44
MERGED from [com.android.support:recyclerview-v7:26.1.0] AndroidManifest.xml:20:5-44
MERGED from [com.android.support:support-core-ui:26.1.0] AndroidManifest.xml:21:5-23:58
MERGED from [com.android.support:support-core-ui:26.1.0] AndroidManifest.xml:21:5-23:58
MERGED from [com.android.support:support-compat:26.1.0] AndroidManifest.xml:21:5-23:58
MERGED from [com.android.support:support-compat:26.1.0] AndroidManifest.xml:21:5-23:58
MERGED from [pl.droidsonroids:relinker:1.3.1] AndroidManifest.xml:5:5-43
MERGED from [pl.droidsonroids:relinker:1.3.1] AndroidManifest.xml:5:5-43
MERGED from [android.arch.lifecycle:runtime:1.0.0] AndroidManifest.xml:20:5-22:41
MERGED from [android.arch.lifecycle:runtime:1.0.0] AndroidManifest.xml:20:5-22:41
INJECTED from src\main\AndroidManifest.xml:8:5-10:41
INJECTED from src\main\AndroidManifest.xml:8:5-10:41
	tools:overrideLibrary
		ADDED from [com.android.support:design:26.1.0] AndroidManifest.xml:23:9-59
	android:targetSdkVersion
		ADDED from src\main\AndroidManifest.xml:10:9-38
		INJECTED from src\main\AndroidManifest.xml
		INJECTED from src\main\AndroidManifest.xml
	android:minSdkVersion
		ADDED from src\main\AndroidManifest.xml:9:9-35
		INJECTED from src\main\AndroidManifest.xml
		INJECTED from src\main\AndroidManifest.xml
uses-permission#android.permission.ACCESS_WIFI_STATE
ADDED from src\main\AndroidManifest.xml:12:5-76
	android:name
		ADDED from src\main\AndroidManifest.xml:12:22-73
uses-permission#android.permission.UPDATE_DEVICE_STATS
ADDED from src\main\AndroidManifest.xml:13:5-15:47
	tools:ignore
		ADDED from src\main\AndroidManifest.xml:15:9-44
	android:name
		ADDED from src\main\AndroidManifest.xml:14:9-62
uses-permission#android.permission.CHANGE_WIFI_STATE
ADDED from src\main\AndroidManifest.xml:16:5-76
	android:name
		ADDED from src\main\AndroidManifest.xml:16:22-73
uses-permission#android.permission.WAKE_LOCK
ADDED from src\main\AndroidManifest.xml:17:5-68
	android:name
		ADDED from src\main\AndroidManifest.xml:17:22-65
uses-permission#android.permission.ACCESS_NOTIFICATION_POLICY
ADDED from src\main\AndroidManifest.xml:18:5-85
	android:name
		ADDED from src\main\AndroidManifest.xml:18:22-82
uses-permission#android.permission.ACCESS_COARSE_LOCATION
ADDED from src\main\AndroidManifest.xml:19:5-81
	android:name
		ADDED from src\main\AndroidManifest.xml:19:22-78
uses-permission#android.permission.ACCESS_FINE_LOCATION
ADDED from src\main\AndroidManifest.xml:20:5-79
	android:name
		ADDED from src\main\AndroidManifest.xml:20:22-76
uses-permission#android.permission.INTERNET
ADDED from src\main\AndroidManifest.xml:21:5-67
	android:name
		ADDED from src\main\AndroidManifest.xml:21:22-64
uses-permission#android.permission.READ_PHONE_STATE
ADDED from src\main\AndroidManifest.xml:23:5-75
	android:name
		ADDED from src\main\AndroidManifest.xml:23:22-72
uses-permission#android.permission.READ_CALL_LOG
ADDED from src\main\AndroidManifest.xml:27:5-72
	android:name
		ADDED from src\main\AndroidManifest.xml:27:22-69
uses-permission#android.permission.WRITE_CALL_LOG
ADDED from src\main\AndroidManifest.xml:28:5-73
	android:name
		ADDED from src\main\AndroidManifest.xml:28:22-70
uses-permission#android.permission.READ_CONTACTS
ADDED from src\main\AndroidManifest.xml:30:5-72
	android:name
		ADDED from src\main\AndroidManifest.xml:30:22-69
uses-permission#android.permission.SEND_SMS
ADDED from src\main\AndroidManifest.xml:31:5-67
	android:name
		ADDED from src\main\AndroidManifest.xml:31:22-64
uses-permission#android.permission.READ_SMS
ADDED from src\main\AndroidManifest.xml:32:5-67
	android:name
		ADDED from src\main\AndroidManifest.xml:32:22-64
uses-permission#android.permission.WRITE_SMS
ADDED from src\main\AndroidManifest.xml:33:5-68
	android:name
		ADDED from src\main\AndroidManifest.xml:33:22-65
uses-permission#android.permission.GET_TASKS
ADDED from src\main\AndroidManifest.xml:34:5-68
	android:name
		ADDED from src\main\AndroidManifest.xml:34:22-65
uses-permission#android.permission.WRITE_EXTERNAL_STORAGE
ADDED from src\main\AndroidManifest.xml:35:5-81
	android:name
		ADDED from src\main\AndroidManifest.xml:35:22-78
uses-permission#android.permission.RECORD_AUDIO
ADDED from src\main\AndroidManifest.xml:36:5-71
	android:name
		ADDED from src\main\AndroidManifest.xml:36:22-68
uses-permission#android.permission.CAMERA
ADDED from src\main\AndroidManifest.xml:37:5-39:35
	android:required
		ADDED from src\main\AndroidManifest.xml:39:9-32
	android:name
		ADDED from src\main\AndroidManifest.xml:38:9-49
uses-permission#android.permission.FLASHLIGHT
ADDED from src\main\AndroidManifest.xml:40:5-69
	android:name
		ADDED from src\main\AndroidManifest.xml:40:22-66
uses-permission#android.permission.RECEIVE_SMS
ADDED from src\main\AndroidManifest.xml:41:5-70
	android:name
		ADDED from src\main\AndroidManifest.xml:41:22-67
permission#android.permission.FLASHLIGHT
ADDED from src\main\AndroidManifest.xml:46:5-50:44
	android:label
		ADDED from src\main\AndroidManifest.xml:48:9-41
	android:protectionLevel
		ADDED from src\main\AndroidManifest.xml:50:9-41
	android:permissionGroup
		ADDED from src\main\AndroidManifest.xml:49:9-77
	android:name
		ADDED from src\main\AndroidManifest.xml:47:9-53
uses-feature#android.hardware.camera.any
ADDED from src\main\AndroidManifest.xml:52:5-64
	android:name
		ADDED from src\main\AndroidManifest.xml:52:19-61
uses-permission#android.permission.READ_EXTERNAL_STORAGE
ADDED from src\main\AndroidManifest.xml:55:5-80
	android:name
		ADDED from src\main\AndroidManifest.xml:55:22-77
application
ADDED from src\main\AndroidManifest.xml:57:5-336:19
MERGED from [com.android.support:design:26.1.0] AndroidManifest.xml:25:5-29:19
MERGED from [com.android.support:design:26.1.0] AndroidManifest.xml:25:5-29:19
MERGED from [com.android.support:appcompat-v7:26.1.0] AndroidManifest.xml:25:5-29:19
MERGED from [com.android.support:appcompat-v7:26.1.0] AndroidManifest.xml:25:5-29:19
MERGED from [com.android.support:transition:26.1.0] AndroidManifest.xml:22:5-26:19
MERGED from [com.android.support:transition:26.1.0] AndroidManifest.xml:22:5-26:19
MERGED from [com.android.support:support-v4:26.1.0] AndroidManifest.xml:25:5-29:19
MERGED from [com.android.support:support-v4:26.1.0] AndroidManifest.xml:25:5-29:19
MERGED from [com.android.support.constraint:constraint-layout:1.0.2] AndroidManifest.xml:9:5-20
MERGED from [com.android.support.constraint:constraint-layout:1.0.2] AndroidManifest.xml:9:5-20
MERGED from [com.android.support:cardview-v7:26.1.0] AndroidManifest.xml:22:5-26:19
MERGED from [com.android.support:cardview-v7:26.1.0] AndroidManifest.xml:22:5-26:19
MERGED from [com.android.support:animated-vector-drawable:26.1.0] AndroidManifest.xml:22:5-26:19
MERGED from [com.android.support:animated-vector-drawable:26.1.0] AndroidManifest.xml:22:5-26:19
MERGED from [com.android.support:support-vector-drawable:26.1.0] AndroidManifest.xml:22:5-26:19
MERGED from [com.android.support:support-vector-drawable:26.1.0] AndroidManifest.xml:22:5-26:19
MERGED from [com.android.support:support-media-compat:26.1.0] AndroidManifest.xml:25:5-29:19
MERGED from [com.android.support:support-media-compat:26.1.0] AndroidManifest.xml:25:5-29:19
MERGED from [com.android.support:support-fragment:26.1.0] AndroidManifest.xml:25:5-29:19
MERGED from [com.android.support:support-fragment:26.1.0] AndroidManifest.xml:25:5-29:19
MERGED from [com.android.support:support-core-utils:26.1.0] AndroidManifest.xml:25:5-29:19
MERGED from [com.android.support:support-core-utils:26.1.0] AndroidManifest.xml:25:5-29:19
MERGED from [com.android.support:recyclerview-v7:26.1.0] AndroidManifest.xml:22:5-26:19
MERGED from [com.android.support:recyclerview-v7:26.1.0] AndroidManifest.xml:22:5-26:19
MERGED from [com.android.support:support-core-ui:26.1.0] AndroidManifest.xml:25:5-29:19
MERGED from [com.android.support:support-core-ui:26.1.0] AndroidManifest.xml:25:5-29:19
MERGED from [com.android.support:support-compat:26.1.0] AndroidManifest.xml:25:5-29:19
MERGED from [com.android.support:support-compat:26.1.0] AndroidManifest.xml:25:5-29:19
MERGED from [android.arch.lifecycle:runtime:1.0.0] AndroidManifest.xml:24:5-28:19
MERGED from [android.arch.lifecycle:runtime:1.0.0] AndroidManifest.xml:24:5-28:19
	android:label
		ADDED from src\main\AndroidManifest.xml:60:9-41
	android:icon
		ADDED from src\main\AndroidManifest.xml:59:9-35
	android:allowBackup
		ADDED from src\main\AndroidManifest.xml:58:9-35
	android:theme
		ADDED from src\main\AndroidManifest.xml:61:9-52
service#com.android.wondercom.MessageService
ADDED from src\main\AndroidManifest.xml:62:9-64:38
	android:enabled
		ADDED from src\main\AndroidManifest.xml:64:13-35
	android:name
		ADDED from src\main\AndroidManifest.xml:63:13-43
activity#com.android.wondercom.MainActivity
ADDED from src\main\AndroidManifest.xml:66:9-79:20
	android:parentActivityName
		ADDED from src\main\AndroidManifest.xml:69:13-56
	android:label
		ADDED from src\main\AndroidManifest.xml:68:13-45
	android:name
		ADDED from src\main\AndroidManifest.xml:67:13-41
intent-filter#action:name:android.intent.action.MAIN+category:name:android.intent.category.LAUNCHER
ADDED from src\main\AndroidManifest.xml:70:13-74:29
action#android.intent.action.MAIN
ADDED from src\main\AndroidManifest.xml:71:17-69
	android:name
		ADDED from src\main\AndroidManifest.xml:71:25-66
category#android.intent.category.LAUNCHER
ADDED from src\main\AndroidManifest.xml:73:17-77
	android:name
		ADDED from src\main\AndroidManifest.xml:73:27-74
activity#com.android.wondercom.ChatActivity
ADDED from src\main\AndroidManifest.xml:80:9-88:20
	android:label
		ADDED from src\main\AndroidManifest.xml:83:13-56
	android:launchMode
		ADDED from src\main\AndroidManifest.xml:84:13-43
	android:configChanges
		ADDED from src\main\AndroidManifest.xml:82:13-74
	android:name
		ADDED from src\main\AndroidManifest.xml:81:13-41
meta-data#android.support.PARENT_ACTIVITY
ADDED from src\main\AndroidManifest.xml:85:13-87:71
	android:value
		ADDED from src\main\AndroidManifest.xml:87:17-68
	android:name
		ADDED from src\main\AndroidManifest.xml:86:17-63
activity#com.android.wondercom.ViewImageActivity
ADDED from src\main\AndroidManifest.xml:89:9-94:59
	android:parentActivityName
		ADDED from src\main\AndroidManifest.xml:93:13-55
	android:label
		ADDED from src\main\AndroidManifest.xml:92:13-62
	android:configChanges
		ADDED from src\main\AndroidManifest.xml:91:13-74
	android:theme
		ADDED from src\main\AndroidManifest.xml:94:13-56
	android:name
		ADDED from src\main\AndroidManifest.xml:90:13-46
activity#com.android.wondercom.RecordAudioActivity
ADDED from src\main\AndroidManifest.xml:95:9-99:58
	android:parentActivityName
		ADDED from src\main\AndroidManifest.xml:99:13-55
	android:label
		ADDED from src\main\AndroidManifest.xml:98:13-64
	android:configChanges
		ADDED from src\main\AndroidManifest.xml:97:13-74
	android:name
		ADDED from src\main\AndroidManifest.xml:96:13-48
activity#com.android.wondercom.PlayVideoActivity
ADDED from src\main\AndroidManifest.xml:100:9-103:65
	android:label
		ADDED from src\main\AndroidManifest.xml:103:13-62
	android:configChanges
		ADDED from src\main\AndroidManifest.xml:102:13-74
	android:name
		ADDED from src\main\AndroidManifest.xml:101:13-46
activity#com.android.wondercom.FilePickerActivity
ADDED from src\main\AndroidManifest.xml:104:9-108:58
	android:parentActivityName
		ADDED from src\main\AndroidManifest.xml:108:13-55
	android:label
		ADDED from src\main\AndroidManifest.xml:107:13-63
	android:configChanges
		ADDED from src\main\AndroidManifest.xml:106:13-74
	android:name
		ADDED from src\main\AndroidManifest.xml:105:13-47
activity#com.android.wondercom.WebViewActivity
ADDED from src\main\AndroidManifest.xml:109:9-122:20
	android:parentActivityName
		ADDED from src\main\AndroidManifest.xml:113:13-55
	android:label
		ADDED from src\main\AndroidManifest.xml:112:13-60
	android:configChanges
		ADDED from src\main\AndroidManifest.xml:111:13-74
	android:name
		ADDED from src\main\AndroidManifest.xml:110:13-44
intent-filter#action:name:android.intent.action.VIEW+category:name:android.intent.category.BROWSABLE+category:name:android.intent.category.DEFAULT+data:scheme:myweburl
ADDED from src\main\AndroidManifest.xml:114:13-121:29
action#android.intent.action.VIEW
ADDED from src\main\AndroidManifest.xml:115:17-69
	android:name
		ADDED from src\main\AndroidManifest.xml:115:25-66
category#android.intent.category.DEFAULT
ADDED from src\main\AndroidManifest.xml:117:17-76
	android:name
		ADDED from src\main\AndroidManifest.xml:117:27-73
category#android.intent.category.BROWSABLE
ADDED from src\main\AndroidManifest.xml:118:17-78
	android:name
		ADDED from src\main\AndroidManifest.xml:118:27-75
data
ADDED from src\main\AndroidManifest.xml:120:17-51
	android:scheme
		ADDED from src\main\AndroidManifest.xml:120:23-48
activity#com.android.wondercom.DrawingActivity
ADDED from src\main\AndroidManifest.xml:123:9-125:62
	android:label
		ADDED from src\main\AndroidManifest.xml:125:13-59
	android:name
		ADDED from src\main\AndroidManifest.xml:124:13-44
activity#com.android.wondercom.Main2Activity
ADDED from src\main\AndroidManifest.xml:126:9-51
	android:name
		ADDED from src\main\AndroidManifest.xml:126:19-48
activity#com.android.wondercom.SmartControl
ADDED from src\main\AndroidManifest.xml:127:9-129:49
	android:parentActivityName
		ADDED from src\main\AndroidManifest.xml:129:13-46
	android:name
		ADDED from src\main\AndroidManifest.xml:128:13-41
activity#com.android.wondercom.Settings
ADDED from src\main\AndroidManifest.xml:130:9-132:59
	android:parentActivityName
		ADDED from src\main\AndroidManifest.xml:132:13-56
	android:name
		ADDED from src\main\AndroidManifest.xml:131:13-37
activity#com.android.wondercom.SmartAccess
ADDED from src\main\AndroidManifest.xml:133:9-135:49
	android:parentActivityName
		ADDED from src\main\AndroidManifest.xml:135:13-46
	android:name
		ADDED from src\main\AndroidManifest.xml:134:13-40
service#com.android.wondercom.MobileMode
ADDED from src\main\AndroidManifest.xml:137:9-140:39
	android:enabled
		ADDED from src\main\AndroidManifest.xml:139:13-35
	android:exported
		ADDED from src\main\AndroidManifest.xml:140:13-36
	android:name
		ADDED from src\main\AndroidManifest.xml:138:13-39
service#com.android.wondercom.Flashligh
ADDED from src\main\AndroidManifest.xml:141:9-144:39
	android:enabled
		ADDED from src\main\AndroidManifest.xml:143:13-35
	android:exported
		ADDED from src\main\AndroidManifest.xml:144:13-36
	android:name
		ADDED from src\main\AndroidManifest.xml:142:13-38
service#com.android.wondercom.Flashlight
ADDED from src\main\AndroidManifest.xml:145:9-148:39
	android:enabled
		ADDED from src\main\AndroidManifest.xml:147:13-35
	android:exported
		ADDED from src\main\AndroidManifest.xml:148:13-36
	android:name
		ADDED from src\main\AndroidManifest.xml:146:13-39
service#com.android.wondercom.Vibration
ADDED from src\main\AndroidManifest.xml:149:9-152:39
	android:enabled
		ADDED from src\main\AndroidManifest.xml:151:13-35
	android:exported
		ADDED from src\main\AndroidManifest.xml:152:13-36
	android:name
		ADDED from src\main\AndroidManifest.xml:150:13-38
service#com.android.wondercom.Silent
ADDED from src\main\AndroidManifest.xml:153:9-156:39
	android:enabled
		ADDED from src\main\AndroidManifest.xml:155:13-35
	android:exported
		ADDED from src\main\AndroidManifest.xml:156:13-36
	android:name
		ADDED from src\main\AndroidManifest.xml:154:13-35
service#com.android.wondercom.RecentMessages
ADDED from src\main\AndroidManifest.xml:157:9-160:39
	android:enabled
		ADDED from src\main\AndroidManifest.xml:159:13-35
	android:exported
		ADDED from src\main\AndroidManifest.xml:160:13-36
	android:name
		ADDED from src\main\AndroidManifest.xml:158:13-43
receiver#com.android.wondercom.Receivers.MessageReceiver
ADDED from src\main\AndroidManifest.xml:162:9-169:20
	android:enabled
		ADDED from src\main\AndroidManifest.xml:164:13-35
	android:exported
		ADDED from src\main\AndroidManifest.xml:165:13-36
	android:name
		ADDED from src\main\AndroidManifest.xml:163:13-54
intent-filter#action:name:android.provider.Telephony.SMS_RECEIVED
ADDED from src\main\AndroidManifest.xml:166:13-168:29
action#android.provider.Telephony.SMS_RECEIVED
ADDED from src\main\AndroidManifest.xml:167:17-82
	android:name
		ADDED from src\main\AndroidManifest.xml:167:25-79
receiver#com.android.wondercom.SmsSentReceiver
ADDED from src\main\AndroidManifest.xml:180:9-183:39
	android:enabled
		ADDED from src\main\AndroidManifest.xml:182:13-35
	android:exported
		ADDED from src\main\AndroidManifest.xml:183:13-36
	android:name
		ADDED from src\main\AndroidManifest.xml:181:13-44
receiver#com.android.wondercom.SmsDeliveredReceiver
ADDED from src\main\AndroidManifest.xml:184:9-187:39
	android:enabled
		ADDED from src\main\AndroidManifest.xml:186:13-35
	android:exported
		ADDED from src\main\AndroidManifest.xml:187:13-36
	android:name
		ADDED from src\main\AndroidManifest.xml:185:13-49
receiver#com.android.wondercom.Receivers.SimChangedReceiver
ADDED from src\main\AndroidManifest.xml:188:9-198:20
	android:process
		ADDED from src\main\AndroidManifest.xml:191:13-38
	android:enabled
		ADDED from src\main\AndroidManifest.xml:190:13-35
	android:name
		ADDED from src\main\AndroidManifest.xml:189:13-57
intent-filter#action:name:android.intent.action.SIM_STATE_CHANGED
ADDED from src\main\AndroidManifest.xml:192:13-194:29
action#android.intent.action.SIM_STATE_CHANGED
ADDED from src\main\AndroidManifest.xml:193:17-82
	android:name
		ADDED from src\main\AndroidManifest.xml:193:25-79
intent-filter#action:name:android.intent.action.BOOT_COMPLETED
ADDED from src\main\AndroidManifest.xml:195:13-197:29
action#android.intent.action.BOOT_COMPLETED
ADDED from src\main\AndroidManifest.xml:196:17-79
	android:name
		ADDED from src\main\AndroidManifest.xml:196:25-76
service#com.android.wondercom.FlashlighIS
ADDED from src\main\AndroidManifest.xml:200:9-202:40
	android:exported
		ADDED from src\main\AndroidManifest.xml:202:13-37
	android:name
		ADDED from src\main\AndroidManifest.xml:201:13-40
service#com.android.wondercom.FlashlightIS
ADDED from src\main\AndroidManifest.xml:203:9-205:40
	android:exported
		ADDED from src\main\AndroidManifest.xml:205:13-37
	android:name
		ADDED from src\main\AndroidManifest.xml:204:13-41
service#com.android.wondercom.GeneralIS
ADDED from src\main\AndroidManifest.xml:206:9-208:40
	android:exported
		ADDED from src\main\AndroidManifest.xml:208:13-37
	android:name
		ADDED from src\main\AndroidManifest.xml:207:13-38
service#com.android.wondercom.VibrationIS
ADDED from src\main\AndroidManifest.xml:209:9-211:40
	android:exported
		ADDED from src\main\AndroidManifest.xml:211:13-37
	android:name
		ADDED from src\main\AndroidManifest.xml:210:13-40
service#com.android.wondercom.LocationIS
ADDED from src\main\AndroidManifest.xml:212:9-214:40
	android:exported
		ADDED from src\main\AndroidManifest.xml:214:13-37
	android:name
		ADDED from src\main\AndroidManifest.xml:213:13-39
service#com.android.wondercom.LocationS
ADDED from src\main\AndroidManifest.xml:215:9-218:39
	android:enabled
		ADDED from src\main\AndroidManifest.xml:217:13-35
	android:exported
		ADDED from src\main\AndroidManifest.xml:218:13-36
	android:name
		ADDED from src\main\AndroidManifest.xml:216:13-38
service#com.android.wondercom.LocationSS
ADDED from src\main\AndroidManifest.xml:219:9-222:39
	android:enabled
		ADDED from src\main\AndroidManifest.xml:221:13-35
	android:exported
		ADDED from src\main\AndroidManifest.xml:222:13-36
	android:name
		ADDED from src\main\AndroidManifest.xml:220:13-39
service#com.android.wondercom.DND
ADDED from src\main\AndroidManifest.xml:223:9-225:40
	android:exported
		ADDED from src\main\AndroidManifest.xml:225:13-37
	android:name
		ADDED from src\main\AndroidManifest.xml:224:13-32
service#com.android.wondercom.DNDOFF
ADDED from src\main\AndroidManifest.xml:226:9-228:40
	android:exported
		ADDED from src\main\AndroidManifest.xml:228:13-37
	android:name
		ADDED from src\main\AndroidManifest.xml:227:13-35
service#com.android.wondercom.WIFION
ADDED from src\main\AndroidManifest.xml:229:9-231:40
	android:exported
		ADDED from src\main\AndroidManifest.xml:231:13-37
	android:name
		ADDED from src\main\AndroidManifest.xml:230:13-35
service#com.android.wondercom.WIFIOFF
ADDED from src\main\AndroidManifest.xml:232:9-234:40
	android:exported
		ADDED from src\main\AndroidManifest.xml:234:13-37
	android:name
		ADDED from src\main\AndroidManifest.xml:233:13-36
service#com.android.wondercom.RABON
ADDED from src\main\AndroidManifest.xml:235:9-237:40
	android:exported
		ADDED from src\main\AndroidManifest.xml:237:13-37
	android:name
		ADDED from src\main\AndroidManifest.xml:236:13-34
service#com.android.wondercom.RABOFF
ADDED from src\main\AndroidManifest.xml:238:9-240:40
	android:exported
		ADDED from src\main\AndroidManifest.xml:240:13-37
	android:name
		ADDED from src\main\AndroidManifest.xml:239:13-35
activity#com.android.wondercom.Info_About
ADDED from src\main\AndroidManifest.xml:242:9-244:54
	android:parentActivityName
		ADDED from src\main\AndroidManifest.xml:244:13-51
	android:name
		ADDED from src\main\AndroidManifest.xml:243:13-39
activity#com.android.wondercom.Info_Help
ADDED from src\main\AndroidManifest.xml:245:9-247:54
	android:parentActivityName
		ADDED from src\main\AndroidManifest.xml:247:13-51
	android:name
		ADDED from src\main\AndroidManifest.xml:246:13-38
activity#com.android.wondercom.SCO
ADDED from src\main\AndroidManifest.xml:248:9-250:59
	android:parentActivityName
		ADDED from src\main\AndroidManifest.xml:250:13-56
	android:name
		ADDED from src\main\AndroidManifest.xml:249:13-32
activity#com.android.wondercom.ACO
ADDED from src\main\AndroidManifest.xml:251:9-253:59
	android:parentActivityName
		ADDED from src\main\AndroidManifest.xml:253:13-56
	android:name
		ADDED from src\main\AndroidManifest.xml:252:13-32
activity#com.android.wondercom.SmartControlOM
ADDED from src\main\AndroidManifest.xml:254:9-256:49
	android:parentActivityName
		ADDED from src\main\AndroidManifest.xml:256:13-46
	android:name
		ADDED from src\main\AndroidManifest.xml:255:13-43
activity#com.android.wondercom.SmartAccessOM
ADDED from src\main\AndroidManifest.xml:257:9-259:49
	android:parentActivityName
		ADDED from src\main\AndroidManifest.xml:259:13-46
	android:name
		ADDED from src\main\AndroidManifest.xml:258:13-42
activity#com.android.wondercom.InfooS1
ADDED from src\main\AndroidManifest.xml:260:9-262:63
	android:parentActivityName
		ADDED from src\main\AndroidManifest.xml:262:13-51
	android:name
		ADDED from src\main\AndroidManifest.xml:261:13-36
activity#com.android.wondercom.InfooS2
ADDED from src\main\AndroidManifest.xml:263:9-265:63
	android:parentActivityName
		ADDED from src\main\AndroidManifest.xml:265:13-51
	android:name
		ADDED from src\main\AndroidManifest.xml:264:13-36
activity#com.android.wondercom.InfooS3
ADDED from src\main\AndroidManifest.xml:266:9-268:63
	android:parentActivityName
		ADDED from src\main\AndroidManifest.xml:268:13-51
	android:name
		ADDED from src\main\AndroidManifest.xml:267:13-36
activity#com.android.wondercom.InfooS4
ADDED from src\main\AndroidManifest.xml:269:9-271:63
	android:parentActivityName
		ADDED from src\main\AndroidManifest.xml:271:13-51
	android:name
		ADDED from src\main\AndroidManifest.xml:270:13-36
activity#com.android.wondercom.InfooS5
ADDED from src\main\AndroidManifest.xml:272:9-274:63
	android:parentActivityName
		ADDED from src\main\AndroidManifest.xml:274:13-51
	android:name
		ADDED from src\main\AndroidManifest.xml:273:13-36
activity#com.android.wondercom.InfooSA1
ADDED from src\main\AndroidManifest.xml:275:9-277:66
	android:parentActivityName
		ADDED from src\main\AndroidManifest.xml:277:13-54
	android:name
		ADDED from src\main\AndroidManifest.xml:276:13-37
activity#com.android.wondercom.InfooSA2
ADDED from src\main\AndroidManifest.xml:278:9-280:66
	android:parentActivityName
		ADDED from src\main\AndroidManifest.xml:280:13-54
	android:name
		ADDED from src\main\AndroidManifest.xml:279:13-37
activity#com.android.wondercom.InfooSA3
ADDED from src\main\AndroidManifest.xml:281:9-283:66
	android:parentActivityName
		ADDED from src\main\AndroidManifest.xml:283:13-54
	android:name
		ADDED from src\main\AndroidManifest.xml:282:13-37
activity#com.android.wondercom.InfooSA4
ADDED from src\main\AndroidManifest.xml:284:9-286:66
	android:parentActivityName
		ADDED from src\main\AndroidManifest.xml:286:13-54
	android:name
		ADDED from src\main\AndroidManifest.xml:285:13-37
activity#com.android.wondercom.InfooSA5
ADDED from src\main\AndroidManifest.xml:287:9-289:66
	android:parentActivityName
		ADDED from src\main\AndroidManifest.xml:289:13-54
	android:name
		ADDED from src\main\AndroidManifest.xml:288:13-37
activity#com.android.wondercom.InfooSA6
ADDED from src\main\AndroidManifest.xml:290:9-292:68
	android:parentActivityName